<?xml version="1.0" encoding="UTF-8"?>
<testng-results ignored="0" total="4" passed="4" failed="0" skipped="0">
  <reporter-output>
  </reporter-output>
  <suite started-at="2021-10-06T00:05:39Z" name="TestNGEjercicio2" finished-at="2021-10-06T00:05:47Z" duration-ms="8085">
    <groups>
    </groups>
    <test started-at="2021-10-06T00:05:39Z" name="Command line test" finished-at="2021-10-06T00:05:47Z" duration-ms="8085">
      <class name="TestNGEjercicio2">
        <test-method is-config="true" signature="initialize()[pri:0, instance:TestNGEjercicio2@2e4b8173]" started-at="2021-10-06T00:05:39Z" name="initialize" finished-at="2021-10-06T00:05:47Z" duration-ms="7451" status="PASS">
          <reporter-output>
          </reporter-output>
        </test-method> <!-- initialize -->
        <test-method signature="testClick1_1()[pri:0, instance:TestNGEjercicio2@2e4b8173]" started-at="2021-10-06T00:05:47Z" name="testClick1_1" finished-at="2021-10-06T00:05:47Z" duration-ms="189" status="PASS">
          <reporter-output>
          </reporter-output>
        </test-method> <!-- testClick1_1 -->
        <test-method signature="testClick1_2()[pri:0, instance:TestNGEjercicio2@2e4b8173]" started-at="2021-10-06T00:05:47Z" name="testClick1_2" finished-at="2021-10-06T00:05:47Z" duration-ms="177" status="PASS">
          <reporter-output>
          </reporter-output>
        </test-method> <!-- testClick1_2 -->
        <test-method signature="testClick1_3()[pri:0, instance:TestNGEjercicio2@2e4b8173]" started-at="2021-10-06T00:05:47Z" name="testClick1_3" finished-at="2021-10-06T00:05:47Z" duration-ms="90" status="PASS">
          <reporter-output>
          </reporter-output>
        </test-method> <!-- testClick1_3 -->
        <test-method signature="testVerify()[pri:0, instance:TestNGEjercicio2@2e4b8173]" started-at="2021-10-06T00:05:47Z" name="testVerify" finished-at="2021-10-06T00:05:47Z" duration-ms="93" status="PASS">
          <reporter-output>
          </reporter-output>
        </test-method> <!-- testVerify -->
        <test-method is-config="true" signature="closeDriver()[pri:0, instance:TestNGEjercicio2@2e4b8173]" started-at="2021-10-06T00:05:47Z" name="closeDriver" finished-at="2021-10-06T00:05:47Z" duration-ms="72" status="PASS">
          <reporter-output>
          </reporter-output>
        </test-method> <!-- closeDriver -->
      </class> <!-- TestNGEjercicio2 -->
    </test> <!-- Command line test -->
  </suite> <!-- TestNGEjercicio2 -->
</testng-results>
